Using pre-set license
Built from '2022.3/staging' branch; Version is '2022.3.10f1 (ff3792e53c62) revision 16725906'; Using compiler version '192829333'; Build Type 'Release'
OS: 'Windows 11  (10.0.22621) 64bit Core' Language: 'ko' Physical Memory: 32542 MB
BatchMode: 1, IsHumanControllingUs: 0, StartBugReporterOnCrash: 0, Is64bit: 1, IsPro: 1

COMMAND LINE ARGUMENTS:
C:\Program Files\Unity\Hub\Editor\2022.3.10f1\Editor\Unity.exe
-adb2
-batchMode
-noUpm
-name
AssetImportWorker0
-projectPath
C:/Users/82105/Documents/GitHub/Decentralized-MQTT/M2MqttUnity-master
-logFile
Logs/AssetImportWorker0.log
-srvPort
59665
Successfully changed project path to: C:/Users/82105/Documents/GitHub/Decentralized-MQTT/M2MqttUnity-master
C:/Users/82105/Documents/GitHub/Decentralized-MQTT/M2MqttUnity-master
[UnityMemory] Configuration Parameters - Can be set up in boot.config
    "memorysetup-bucket-allocator-granularity=16"
    "memorysetup-bucket-allocator-bucket-count=8"
    "memorysetup-bucket-allocator-block-size=33554432"
    "memorysetup-bucket-allocator-block-count=8"
    "memorysetup-main-allocator-block-size=16777216"
    "memorysetup-thread-allocator-block-size=16777216"
    "memorysetup-gfx-main-allocator-block-size=16777216"
    "memorysetup-gfx-thread-allocator-block-size=16777216"
    "memorysetup-cache-allocator-block-size=4194304"
    "memorysetup-typetree-allocator-block-size=2097152"
    "memorysetup-profiler-bucket-allocator-granularity=16"
    "memorysetup-profiler-bucket-allocator-bucket-count=8"
    "memorysetup-profiler-bucket-allocator-block-size=33554432"
    "memorysetup-profiler-bucket-allocator-block-count=8"
    "memorysetup-profiler-allocator-block-size=16777216"
    "memorysetup-profiler-editor-allocator-block-size=1048576"
    "memorysetup-temp-allocator-size-main=16777216"
    "memorysetup-job-temp-allocator-block-size=2097152"
    "memorysetup-job-temp-allocator-block-size-background=1048576"
    "memorysetup-job-temp-allocator-reduction-small-platforms=262144"
    "memorysetup-allocator-temp-initial-block-size-main=262144"
    "memorysetup-allocator-temp-initial-block-size-worker=262144"
    "memorysetup-temp-allocator-size-background-worker=32768"
    "memorysetup-temp-allocator-size-job-worker=262144"
    "memorysetup-temp-allocator-size-preload-manager=33554432"
    "memorysetup-temp-allocator-size-nav-mesh-worker=65536"
    "memorysetup-temp-allocator-size-audio-worker=65536"
    "memorysetup-temp-allocator-size-cloud-worker=32768"
    "memorysetup-temp-allocator-size-gi-baking-worker=262144"
    "memorysetup-temp-allocator-size-gfx=262144"
Player connection [33328] Host "[IP] 192.168.0.19 [Port] 0 [Flags] 2 [Guid] 2895580184 [EditorId] 2895580184 [Version] 1048832 [Id] WindowsEditor(7,DESKTOP-G1FP5EB) [Debug] 1 [PackageName] WindowsEditor [ProjectName] Editor" joined multi-casting on [225.0.0.222:54997]...

Player connection [33328] Host "[IP] 192.168.0.19 [Port] 0 [Flags] 2 [Guid] 2895580184 [EditorId] 2895580184 [Version] 1048832 [Id] WindowsEditor(7,DESKTOP-G1FP5EB) [Debug] 1 [PackageName] WindowsEditor [ProjectName] Editor" joined alternative multi-casting on [225.0.0.222:34997]...

[Physics::Module] Initialized MultithreadedJobDispatcher with 7 workers.
Refreshing native plugins compatible for Editor in 0.00 ms, found 0 plugins.
Preloading 0 native plugins for Editor in 0.00 ms.
Initialize engine version: 2022.3.10f1 (ff3792e53c62)
[Subsystems] Discovering subsystems at path C:/Program Files/Unity/Hub/Editor/2022.3.10f1/Editor/Data/Resources/UnitySubsystems
[Subsystems] Discovering subsystems at path C:/Users/82105/Documents/GitHub/Decentralized-MQTT/M2MqttUnity-master/Assets
GfxDevice: creating device client; threaded=0; jobified=0
Direct3D:
    Version:  Direct3D 11.0 [level 11.1]
    Renderer: NVIDIA GeForce RTX 2070 (ID=0x1f02)
    Vendor:   NVIDIA
    VRAM:     8019 MB
    Driver:   31.0.15.3179
Initialize mono
Mono path[0] = 'C:/Program Files/Unity/Hub/Editor/2022.3.10f1/Editor/Data/Managed'
Mono path[1] = 'C:/Program Files/Unity/Hub/Editor/2022.3.10f1/Editor/Data/MonoBleedingEdge/lib/mono/unityjit-win32'
Mono config path = 'C:/Program Files/Unity/Hub/Editor/2022.3.10f1/Editor/Data/MonoBleedingEdge/etc'
Using monoOptions --debugger-agent=transport=dt_socket,embedding=1,server=y,suspend=n,address=127.0.0.1:56196
Begin MonoManager ReloadAssembly
Registering precompiled unity dll's ...
Register platform support module: C:/Program Files/Unity/Hub/Editor/2022.3.10f1/Editor/Data/PlaybackEngines/WindowsStandaloneSupport/UnityEditor.WindowsStandalone.Extensions.dll
Registered in 0.019753 seconds.
- Loaded All Assemblies, in  0.510 seconds
Native extension for WindowsStandalone target not found
Mono: successfully reloaded assembly
- Finished resetting the current domain, in  0.317 seconds
Domain Reload Profiling: 823ms
	BeginReloadAssembly (178ms)
		ExecutionOrderSort (0ms)
		DisableScriptedObjects (0ms)
		BackupInstance (0ms)
		ReleaseScriptingObjects (0ms)
		CreateAndSetChildDomain (1ms)
	RebuildCommonClasses (47ms)
	RebuildNativeTypeToScriptingClass (13ms)
	initialDomainReloadingComplete (90ms)
	LoadAllAssembliesAndSetupDomain (177ms)
		LoadAssemblies (173ms)
		RebuildTransferFunctionScriptingTraits (0ms)
		AnalyzeDomain (173ms)
			TypeCache.Refresh (171ms)
				TypeCache.ScanAssembly (151ms)
			ScanForSourceGeneratedMonoScriptInfo (0ms)
			ResolveRequiredComponents (1ms)
	FinalizeReload (318ms)
		ReleaseScriptCaches (0ms)
		RebuildScriptCaches (0ms)
		SetupLoadedEditorAssemblies (238ms)
			LogAssemblyErrors (0ms)
			InitializePlatformSupportModulesInManaged (15ms)
			SetLoadedEditorAssemblies (9ms)
			RefreshPlugins (0ms)
			BeforeProcessingInitializeOnLoad (3ms)
			ProcessInitializeOnLoadAttributes (149ms)
			ProcessInitializeOnLoadMethodAttributes (62ms)
			AfterProcessingInitializeOnLoad (0ms)
			EditorAssembliesLoaded (0ms)
		ExecutionOrderSort2 (0ms)
		AwakeInstancesAfterBackupRestoration (0ms)
========================================================================
Worker process is ready to serve import requests
Begin MonoManager ReloadAssembly
- Loaded All Assemblies, in  0.348 seconds
Refreshing native plugins compatible for Editor in 0.00 ms, found 0 plugins.
Native extension for WindowsStandalone target not found
Mono: successfully reloaded assembly
- Finished resetting the current domain, in  0.442 seconds
Domain Reload Profiling: 787ms
	BeginReloadAssembly (242ms)
		ExecutionOrderSort (0ms)
		DisableScriptedObjects (7ms)
		BackupInstance (0ms)
		ReleaseScriptingObjects (0ms)
		CreateAndSetChildDomain (41ms)
	RebuildCommonClasses (43ms)
	RebuildNativeTypeToScriptingClass (12ms)
	initialDomainReloadingComplete (37ms)
	LoadAllAssembliesAndSetupDomain (9ms)
		LoadAssemblies (146ms)
		RebuildTransferFunctionScriptingTraits (0ms)
		AnalyzeDomain (6ms)
			TypeCache.Refresh (4ms)
				TypeCache.ScanAssembly (0ms)
			ScanForSourceGeneratedMonoScriptInfo (0ms)
			ResolveRequiredComponents (0ms)
	FinalizeReload (443ms)
		ReleaseScriptCaches (0ms)
		RebuildScriptCaches (0ms)
		SetupLoadedEditorAssemblies (251ms)
			LogAssemblyErrors (0ms)
			InitializePlatformSupportModulesInManaged (11ms)
			SetLoadedEditorAssemblies (6ms)
			RefreshPlugins (0ms)
			BeforeProcessingInitializeOnLoad (45ms)
			ProcessInitializeOnLoadAttributes (149ms)
			ProcessInitializeOnLoadMethodAttributes (24ms)
			AfterProcessingInitializeOnLoad (16ms)
			EditorAssembliesLoaded (0ms)
		ExecutionOrderSort2 (0ms)
		AwakeInstancesAfterBackupRestoration (10ms)
Launched and connected shader compiler UnityShaderCompiler.exe after 0.06 seconds
Refreshing native plugins compatible for Editor in 0.00 ms, found 0 plugins.
Preloading 0 native plugins for Editor in 0.00 ms.
Unloading 55 Unused Serialized files (Serialized files now loaded: 0)
Unloading 3 unused Assets / (48.9 KB). Loaded Objects now: 526.
Memory consumption went from 45.8 MB to 45.8 MB.
Total: 5.411300 ms (FindLiveObjects: 0.068300 ms CreateObjectMapping: 0.009800 ms MarkObjects: 5.259800 ms  DeleteObjects: 0.071300 ms)

AssetImportParameters requested are different than current active one (requested -> active):
  custom:video-decoder-ogg-theora: a1e56fd34408186e4bbccfd4996cb3dc -> 
  custom:container-muxer-webm: aa71ff27fc2769a1b78a27578f13a17b -> 
  custom:container-demuxer-webm: 4f35f7cbe854078d1ac9338744f61a02 -> 
  custom:video-encoder-webm-vp8: eb34c28f22e8b96e1ab97ce403110664 -> 
  custom:audio-encoder-webm-vorbis: bf7c407c2cedff20999df2af8eb42d56 -> 
  custom:framework-win-MediaFoundation: 216162199b28c13a410421893ffa2e32 -> 
  custom:container-demuxer-ogg: 62fdf1f143b41e24485cea50d1cbac27 -> 
  custom:video-decoder-webm-vp8: 9c59270c3fd7afecdb556c50c9e8de78 -> 
  custom:audio-decoder-ogg-vorbis: bf7c407c2cedff20999df2af8eb42d56 -> 
  custom:AudioImporter_EditorPlatform: d09bf68614088b80899f8185d706f6e7 -> 
========================================================================
Received Import Request.
  Time since last request: 1305906.119225 seconds.
  path: Assets/M2Mqtt
  artifactKey: Guid(cc10795bdf951b74c84aef0dd543a0bd) Importer(815301076,1909f56bfc062723c751e8b465ee728b)
Start importing Assets/M2Mqtt using Guid(cc10795bdf951b74c84aef0dd543a0bd) Importer(815301076,1909f56bfc062723c751e8b465ee728b)  -> (artifact id: '316f961958ec620199eb3a72c17368f9') in 0.003761 seconds
Number of updated asset objects reloaded before import = 0
Number of asset objects unloaded after import = 0
========================================================================
Received Prepare
Refreshing native plugins compatible for Editor in 0.00 ms, found 0 plugins.
Preloading 0 native plugins for Editor in 0.00 ms.
Unloading 0 Unused Serialized files (Serialized files now loaded: 0)
Unloading 1 unused Assets / (0.8 KB). Loaded Objects now: 526.
Memory consumption went from 44.3 MB to 44.3 MB.
Total: 2.445300 ms (FindLiveObjects: 0.041600 ms CreateObjectMapping: 0.004500 ms MarkObjects: 2.382900 ms  DeleteObjects: 0.014800 ms)

Prepare: number of updated asset objects reloaded= 0
AssetImportParameters requested are different than current active one (requested -> active):
  custom:video-decoder-ogg-theora: a1e56fd34408186e4bbccfd4996cb3dc -> 
  custom:container-muxer-webm: aa71ff27fc2769a1b78a27578f13a17b -> 
  custom:container-demuxer-webm: 4f35f7cbe854078d1ac9338744f61a02 -> 
  custom:video-encoder-webm-vp8: eb34c28f22e8b96e1ab97ce403110664 -> 
  custom:CustomObjectIndexerAttribute: 756ad292c208cfabdd7b50bc23989ffe -> 
  custom:audio-encoder-webm-vorbis: bf7c407c2cedff20999df2af8eb42d56 -> 
  custom:framework-win-MediaFoundation: 216162199b28c13a410421893ffa2e32 -> 
  custom:SearchIndexIgnoredProperties: e643bd26f0fe6173181afceb89e7c659 -> 
  custom:container-demuxer-ogg: 62fdf1f143b41e24485cea50d1cbac27 -> 
  custom:video-decoder-webm-vp8: 9c59270c3fd7afecdb556c50c9e8de78 -> 
  custom:audio-decoder-ogg-vorbis: bf7c407c2cedff20999df2af8eb42d56 -> 
  custom:AudioImporter_EditorPlatform: d09bf68614088b80899f8185d706f6e7 -> 
========================================================================
Received Import Request.
  Time since last request: 67.948085 seconds.
  path: Assets/M2Mqtt/Exceptions
  artifactKey: Guid(5f24b206284230547a594bb5321e3dfb) Importer(815301076,1909f56bfc062723c751e8b465ee728b)
Start importing Assets/M2Mqtt/Exceptions using Guid(5f24b206284230547a594bb5321e3dfb) Importer(815301076,1909f56bfc062723c751e8b465ee728b)  -> (artifact id: 'ded5c3a8e3c413b6a4b0504f0ee32b07') in 0.000706 seconds
Number of updated asset objects reloaded before import = 0
Number of asset objects unloaded after import = 0
========================================================================
Received Import Request.
  Time since last request: 1.235329 seconds.
  path: Assets/M2Mqtt/Exceptions/MqttClientException.cs
  artifactKey: Guid(b12d2a7e9108c9949aece217d3313ffb) Importer(815301076,1909f56bfc062723c751e8b465ee728b)
Start importing Assets/M2Mqtt/Exceptions/MqttClientException.cs using Guid(b12d2a7e9108c9949aece217d3313ffb) Importer(815301076,1909f56bfc062723c751e8b465ee728b)  -> (artifact id: 'b1493d66351353793168bbd8d949aca6') in 0.000480 seconds
Number of updated asset objects reloaded before import = 0
Number of asset objects unloaded after import = 0
========================================================================
Received Import Request.
  Time since last request: 6.449342 seconds.
  path: Assets/M2Mqtt/Exceptions/MqttCommunicationException.cs
  artifactKey: Guid(afa1e53ceeb65da43ae314781260b4fd) Importer(815301076,1909f56bfc062723c751e8b465ee728b)
Start importing Assets/M2Mqtt/Exceptions/MqttCommunicationException.cs using Guid(afa1e53ceeb65da43ae314781260b4fd) Importer(815301076,1909f56bfc062723c751e8b465ee728b)  -> (artifact id: '06b3cc2106341538bd856814bb4d4f80') in 0.000463 seconds
Number of updated asset objects reloaded before import = 0
Number of asset objects unloaded after import = 0
========================================================================
Received Import Request.
  Time since last request: 4.336744 seconds.
  path: Assets/M2Mqtt/Exceptions/MqttConnectionException.cs
  artifactKey: Guid(882d78aba34137f43a38bdcb0020a788) Importer(815301076,1909f56bfc062723c751e8b465ee728b)
Start importing Assets/M2Mqtt/Exceptions/MqttConnectionException.cs using Guid(882d78aba34137f43a38bdcb0020a788) Importer(815301076,1909f56bfc062723c751e8b465ee728b)  -> (artifact id: '4f1433a6c8a43de14276f63fd540eaf0') in 0.000474 seconds
Number of updated asset objects reloaded before import = 0
Number of asset objects unloaded after import = 0
========================================================================
Received Import Request.
  Time since last request: 1.364500 seconds.
  path: Assets/M2Mqtt/Exceptions/MqttTimeoutException.cs
  artifactKey: Guid(2272c552034756542a27c46b8ee7fa01) Importer(815301076,1909f56bfc062723c751e8b465ee728b)
Start importing Assets/M2Mqtt/Exceptions/MqttTimeoutException.cs using Guid(2272c552034756542a27c46b8ee7fa01) Importer(815301076,1909f56bfc062723c751e8b465ee728b)  -> (artifact id: 'b560887109eb05f794ac1e1eec7aa984') in 0.000497 seconds
Number of updated asset objects reloaded before import = 0
Number of asset objects unloaded after import = 0
========================================================================
Received Import Request.
  Time since last request: 11.037624 seconds.
  path: Assets/M2Mqtt/Utility
  artifactKey: Guid(678756caa76db8f40bcc817f5ecf5820) Importer(815301076,1909f56bfc062723c751e8b465ee728b)
Start importing Assets/M2Mqtt/Utility using Guid(678756caa76db8f40bcc817f5ecf5820) Importer(815301076,1909f56bfc062723c751e8b465ee728b)  -> (artifact id: 'b3fde49999a9e3b5a748c55e9bc895ac') in 0.000433 seconds
Number of updated asset objects reloaded before import = 0
Number of asset objects unloaded after import = 0
========================================================================
Received Import Request.
  Time since last request: 2.434408 seconds.
  path: Assets/M2Mqtt/Internal
  artifactKey: Guid(eb97f54c9e64d034cabba57eeaf9426b) Importer(815301076,1909f56bfc062723c751e8b465ee728b)
Start importing Assets/M2Mqtt/Internal using Guid(eb97f54c9e64d034cabba57eeaf9426b) Importer(815301076,1909f56bfc062723c751e8b465ee728b)  -> (artifact id: 'cd32f90d535691f30aff2835ca9d0a56') in 0.000427 seconds
Number of updated asset objects reloaded before import = 0
Number of asset objects unloaded after import = 0
========================================================================
Received Import Request.
  Time since last request: 0.308552 seconds.
  path: Assets/M2Mqtt/Internal/MsgPublishedInternalEvent.cs
  artifactKey: Guid(494862469c9a73948a75cb4f6dba7ecf) Importer(815301076,1909f56bfc062723c751e8b465ee728b)
Start importing Assets/M2Mqtt/Internal/MsgPublishedInternalEvent.cs using Guid(494862469c9a73948a75cb4f6dba7ecf) Importer(815301076,1909f56bfc062723c751e8b465ee728b)  -> (artifact id: 'cc946bd0fecff76d8822245c28bec5d4') in 0.000552 seconds
Number of updated asset objects reloaded before import = 0
Number of asset objects unloaded after import = 0
========================================================================
Received Import Request.
  Time since last request: 2.331753 seconds.
  path: Assets/M2Mqtt/Messages
  artifactKey: Guid(14dc5b3154b6cc444b838922c1aa446d) Importer(815301076,1909f56bfc062723c751e8b465ee728b)
Start importing Assets/M2Mqtt/Messages using Guid(14dc5b3154b6cc444b838922c1aa446d) Importer(815301076,1909f56bfc062723c751e8b465ee728b)  -> (artifact id: '28aa102d3e40fca73db7b38ee4cc469b') in 0.000409 seconds
Number of updated asset objects reloaded before import = 0
Number of asset objects unloaded after import = 0
========================================================================
Received Import Request.
  Time since last request: 5.552942 seconds.
  path: Assets/M2Mqtt/Net
  artifactKey: Guid(92da0271b9fd59e498b3e4ba07abf973) Importer(815301076,1909f56bfc062723c751e8b465ee728b)
Start importing Assets/M2Mqtt/Net using Guid(92da0271b9fd59e498b3e4ba07abf973) Importer(815301076,1909f56bfc062723c751e8b465ee728b)  -> (artifact id: 'ab7dc7efbf8981310b18f59d3b99a7f0') in 0.000493 seconds
Number of updated asset objects reloaded before import = 0
Number of asset objects unloaded after import = 0
========================================================================
Received Import Request.
  Time since last request: 25.311877 seconds.
  path: Assets/M2MqttUnity
  artifactKey: Guid(944570546d264fe42a0f43eca164d385) Importer(815301076,1909f56bfc062723c751e8b465ee728b)
Start importing Assets/M2MqttUnity using Guid(944570546d264fe42a0f43eca164d385) Importer(815301076,1909f56bfc062723c751e8b465ee728b)  -> (artifact id: '50345c4cffe4ee11b8e9620a6d655e7b') in 0.000471 seconds
Number of updated asset objects reloaded before import = 0
Number of asset objects unloaded after import = 0
========================================================================
Received Import Request.
  Time since last request: 1.579416 seconds.
  path: Assets/M2MqttUnity/Examples
  artifactKey: Guid(bb43baa40607deb429a1065ee019ff90) Importer(815301076,1909f56bfc062723c751e8b465ee728b)
Start importing Assets/M2MqttUnity/Examples using Guid(bb43baa40607deb429a1065ee019ff90) Importer(815301076,1909f56bfc062723c751e8b465ee728b)  -> (artifact id: '6798dece025c4c1ff87a9cf180d80a95') in 0.000419 seconds
Number of updated asset objects reloaded before import = 0
Number of asset objects unloaded after import = 0
========================================================================
Received Import Request.
  Time since last request: 2.526621 seconds.
  path: Assets/M2MqttUnity/Examples/Scripts
  artifactKey: Guid(b9883035b966744459dc732fdbde2533) Importer(815301076,1909f56bfc062723c751e8b465ee728b)
Start importing Assets/M2MqttUnity/Examples/Scripts using Guid(b9883035b966744459dc732fdbde2533) Importer(815301076,1909f56bfc062723c751e8b465ee728b)  -> (artifact id: 'c9a2651f8866dabb58187e64d7488a8b') in 0.000415 seconds
Number of updated asset objects reloaded before import = 0
Number of asset objects unloaded after import = 0
========================================================================
Received Import Request.
  Time since last request: 1.164335 seconds.
  path: Assets/M2MqttUnity/Examples/Scripts/M2MqttUnityTest.cs
  artifactKey: Guid(bbaa80705124f9e439d56ca6d5e6db69) Importer(815301076,1909f56bfc062723c751e8b465ee728b)
Start importing Assets/M2MqttUnity/Examples/Scripts/M2MqttUnityTest.cs using Guid(bbaa80705124f9e439d56ca6d5e6db69) Importer(815301076,1909f56bfc062723c751e8b465ee728b)  -> (artifact id: 'cb77742f906c1220854604ffe53defea') in 0.000585 seconds
Number of updated asset objects reloaded before import = 0
Number of asset objects unloaded after import = 0
========================================================================
Received Import Request.
  Time since last request: 49.732605 seconds.
  path: Assets/WSATestCertificate.pfx
  artifactKey: Guid(d5059816ebbbc3744a5d565fdcc9771a) Importer(2089858483,0ecaa5967403d082aa24f35e1b516d23)
Start importing Assets/WSATestCertificate.pfx using Guid(d5059816ebbbc3744a5d565fdcc9771a) Importer(2089858483,0ecaa5967403d082aa24f35e1b516d23) Generated GUIDs only implemented for interfaces!
 -> (artifact id: '1e3a4654f9fe143c74e8a547ed9be4b9') in 0.095791 seconds
Number of updated asset objects reloaded before import = 0
Number of asset objects unloaded after import = 1
========================================================================
Received Import Request.
  Time since last request: 0.000093 seconds.
  path: Assets/M2Mqtt/Messages/MqttMsgUnsuback.cs
  artifactKey: Guid(3b85af8ec848453408d9ed18c74485cd) Importer(2089858483,0ecaa5967403d082aa24f35e1b516d23)
Start importing Assets/M2Mqtt/Messages/MqttMsgUnsuback.cs using Guid(3b85af8ec848453408d9ed18c74485cd) Importer(2089858483,0ecaa5967403d082aa24f35e1b516d23) Generated GUIDs only implemented for interfaces!
 -> (artifact id: '91cd2d4829869db5f7403808463bcf1f') in 0.027580 seconds
Number of updated asset objects reloaded before import = 0
Number of asset objects unloaded after import = 1
========================================================================
Received Import Request.
  Time since last request: 0.000131 seconds.
  path: Assets/M2Mqtt/Messages/MqttMsgSubscribeEventArgs.cs
  artifactKey: Guid(db71b083234278e45a35bc2c84aab0e5) Importer(2089858483,0ecaa5967403d082aa24f35e1b516d23)
Start importing Assets/M2Mqtt/Messages/MqttMsgSubscribeEventArgs.cs using Guid(db71b083234278e45a35bc2c84aab0e5) Importer(2089858483,0ecaa5967403d082aa24f35e1b516d23) Generated GUIDs only implemented for interfaces!
 -> (artifact id: '29ed50ba5ce9e75762cda447641ccd71') in 0.005746 seconds
Number of updated asset objects reloaded before import = 0
Number of asset objects unloaded after import = 1
========================================================================
Received Import Request.
  Time since last request: 0.000077 seconds.
  path: Assets/M2Mqtt/MqttClient.cs
  artifactKey: Guid(5e2e6e599dc93d04da0717a067733bb3) Importer(2089858483,0ecaa5967403d082aa24f35e1b516d23)
Start importing Assets/M2Mqtt/MqttClient.cs using Guid(5e2e6e599dc93d04da0717a067733bb3) Importer(2089858483,0ecaa5967403d082aa24f35e1b516d23) Generated GUIDs only implemented for interfaces!
 -> (artifact id: '563cca56016b961c9694d3da19c63573') in 0.005812 seconds
Number of updated asset objects reloaded before import = 0
Number of asset objects unloaded after import = 1
========================================================================
Received Import Request.
  Time since last request: 0.000117 seconds.
  path: Assets/M2Mqtt/MqttSecurity.cs
  artifactKey: Guid(d39e537279957784da1f759aac6e1d13) Importer(2089858483,0ecaa5967403d082aa24f35e1b516d23)
Start importing Assets/M2Mqtt/MqttSecurity.cs using Guid(d39e537279957784da1f759aac6e1d13) Importer(2089858483,0ecaa5967403d082aa24f35e1b516d23) Generated GUIDs only implemented for interfaces!
 -> (artifact id: '221a04fdd934b109bb0830d4d7a12792') in 0.005446 seconds
Number of updated asset objects reloaded before import = 0
Number of asset objects unloaded after import = 1
========================================================================
Received Import Request.
  Time since last request: 0.000071 seconds.
  path: Assets/M2Mqtt/Messages/MqttMsgSubscribedEventArgs.cs
  artifactKey: Guid(f40c3f175ffe79a48902743f5572b47f) Importer(2089858483,0ecaa5967403d082aa24f35e1b516d23)
Start importing Assets/M2Mqtt/Messages/MqttMsgSubscribedEventArgs.cs using Guid(f40c3f175ffe79a48902743f5572b47f) Importer(2089858483,0ecaa5967403d082aa24f35e1b516d23) Generated GUIDs only implemented for interfaces!
 -> (artifact id: 'a02201b73c4c49d1d6d34f7ee7a3edd7') in 0.004640 seconds
Number of updated asset objects reloaded before import = 0
Number of asset objects unloaded after import = 1
========================================================================
Received Import Request.
  Time since last request: 0.000026 seconds.
  path: Assets/M2Mqtt/Internal/MsgInternalEvent.cs
  artifactKey: Guid(5ed04dd929213d14ca7306e7fabc9d4a) Importer(2089858483,0ecaa5967403d082aa24f35e1b516d23)
Start importing Assets/M2Mqtt/Internal/MsgInternalEvent.cs using Guid(5ed04dd929213d14ca7306e7fabc9d4a) Importer(2089858483,0ecaa5967403d082aa24f35e1b516d23) Generated GUIDs only implemented for interfaces!
 -> (artifact id: '7dfc651892dad43e6ece50d5f9b604ac') in 0.005540 seconds
Number of updated asset objects reloaded before import = 0
Number of asset objects unloaded after import = 1
========================================================================
Received Import Request.
  Time since last request: 0.000093 seconds.
  path: Assets/M2Mqtt/Messages/MqttMsgUnsubscribeEventArgs.cs
  artifactKey: Guid(19797a25d0e31e1409bab585f8509dc3) Importer(2089858483,0ecaa5967403d082aa24f35e1b516d23)
Start importing Assets/M2Mqtt/Messages/MqttMsgUnsubscribeEventArgs.cs using Guid(19797a25d0e31e1409bab585f8509dc3) Importer(2089858483,0ecaa5967403d082aa24f35e1b516d23) Generated GUIDs only implemented for interfaces!
 -> (artifact id: '6abe55c29012c1826d78f56b6af5a119') in 0.004835 seconds
Number of updated asset objects reloaded before import = 0
Number of asset objects unloaded after import = 1
========================================================================
Received Import Request.
  Time since last request: 0.000029 seconds.
  path: Assets/M2Mqtt/WinRT/Fx.cs
  artifactKey: Guid(66fa5047a1383c54e9969b916d82fb15) Importer(2089858483,0ecaa5967403d082aa24f35e1b516d23)
Start importing Assets/M2Mqtt/WinRT/Fx.cs using Guid(66fa5047a1383c54e9969b916d82fb15) Importer(2089858483,0ecaa5967403d082aa24f35e1b516d23) Generated GUIDs only implemented for interfaces!
 -> (artifact id: '0887ddf48698980108e6c44e82299f72') in 0.004774 seconds
Number of updated asset objects reloaded before import = 0
Number of asset objects unloaded after import = 1
========================================================================
Received Import Request.
  Time since last request: 0.000023 seconds.
  path: Assets/M2Mqtt/Messages/MqttMsgConnack.cs
  artifactKey: Guid(817fb5e187bbe284c854a05992d24b1b) Importer(2089858483,0ecaa5967403d082aa24f35e1b516d23)
Start importing Assets/M2Mqtt/Messages/MqttMsgConnack.cs using Guid(817fb5e187bbe284c854a05992d24b1b) Importer(2089858483,0ecaa5967403d082aa24f35e1b516d23) Generated GUIDs only implemented for interfaces!
 -> (artifact id: '305aea6b6ac6274fd9576dd2fe6944a7') in 0.004718 seconds
Number of updated asset objects reloaded before import = 0
Number of asset objects unloaded after import = 1
========================================================================
Received Import Request.
  Time since last request: 0.000171 seconds.
  path: Assets/M2Mqtt/Exceptions/MqttCommunicationException.cs
  artifactKey: Guid(afa1e53ceeb65da43ae314781260b4fd) Importer(2089858483,0ecaa5967403d082aa24f35e1b516d23)
Start importing Assets/M2Mqtt/Exceptions/MqttCommunicationException.cs using Guid(afa1e53ceeb65da43ae314781260b4fd) Importer(2089858483,0ecaa5967403d082aa24f35e1b516d23) Generated GUIDs only implemented for interfaces!
 -> (artifact id: 'bcc4c81b7748c0bd3b53a92b20c13dfb') in 0.005320 seconds
Number of updated asset objects reloaded before import = 0
Number of asset objects unloaded after import = 1
========================================================================
Received Import Request.
  Time since last request: 0.000058 seconds.
  path: Assets/M2Mqtt/Exceptions/MqttConnectionException.cs
  artifactKey: Guid(882d78aba34137f43a38bdcb0020a788) Importer(2089858483,0ecaa5967403d082aa24f35e1b516d23)
Start importing Assets/M2Mqtt/Exceptions/MqttConnectionException.cs using Guid(882d78aba34137f43a38bdcb0020a788) Importer(2089858483,0ecaa5967403d082aa24f35e1b516d23) Generated GUIDs only implemented for interfaces!
 -> (artifact id: 'e2502ef965f1d87896393f07545e9193') in 0.004917 seconds
Number of updated asset objects reloaded before import = 0
Number of asset objects unloaded after import = 1
========================================================================
Received Import Request.
  Time since last request: 0.000064 seconds.
  path: Assets/M2Mqtt/Utility/Trace.cs
  artifactKey: Guid(171b4607ee4f6964cbcab21ebbdecc9d) Importer(2089858483,0ecaa5967403d082aa24f35e1b516d23)
Start importing Assets/M2Mqtt/Utility/Trace.cs using Guid(171b4607ee4f6964cbcab21ebbdecc9d) Importer(2089858483,0ecaa5967403d082aa24f35e1b516d23) Generated GUIDs only implemented for interfaces!
 -> (artifact id: 'acae066b4aa672a29a02100734cdd1c3') in 0.004513 seconds
Number of updated asset objects reloaded before import = 0
Number of asset objects unloaded after import = 1
========================================================================
Received Import Request.
  Time since last request: 0.000052 seconds.
  path: Assets/M2MqttUnity/Scripts/BrokerSettings.cs
  artifactKey: Guid(6c66ecb2680ba4c4298da4410aacd50d) Importer(2089858483,0ecaa5967403d082aa24f35e1b516d23)
Start importing Assets/M2MqttUnity/Scripts/BrokerSettings.cs using Guid(6c66ecb2680ba4c4298da4410aacd50d) Importer(2089858483,0ecaa5967403d082aa24f35e1b516d23) Generated GUIDs only implemented for interfaces!
 -> (artifact id: '702799b54d1958a9a3caf8e959107988') in 0.005443 seconds
Number of updated asset objects reloaded before import = 0
Number of asset objects unloaded after import = 1
========================================================================
Received Import Request.
  Time since last request: 0.000103 seconds.
  path: Assets/M2Mqtt/Messages/MqttMsgConnect.cs
  artifactKey: Guid(4e9a05c6d21e4b94f930df781ea81507) Importer(2089858483,0ecaa5967403d082aa24f35e1b516d23)
Start importing Assets/M2Mqtt/Messages/MqttMsgConnect.cs using Guid(4e9a05c6d21e4b94f930df781ea81507) Importer(2089858483,0ecaa5967403d082aa24f35e1b516d23) Generated GUIDs only implemented for interfaces!
 -> (artifact id: 'ea8fad8aa98a1281c1ec325deaff7f90') in 0.004482 seconds
Number of updated asset objects reloaded before import = 0
Number of asset objects unloaded after import = 1
========================================================================
Received Import Request.
  Time since last request: 0.000059 seconds.
  path: Assets/M2Mqtt/Messages/MqttMsgPubrec.cs
  artifactKey: Guid(bd39257887ec8fb478a457309d6a8592) Importer(2089858483,0ecaa5967403d082aa24f35e1b516d23)
Start importing Assets/M2Mqtt/Messages/MqttMsgPubrec.cs using Guid(bd39257887ec8fb478a457309d6a8592) Importer(2089858483,0ecaa5967403d082aa24f35e1b516d23) Generated GUIDs only implemented for interfaces!
 -> (artifact id: 'dd925a9ccc57761ca232be95502e3a2a') in 0.004631 seconds
Number of updated asset objects reloaded before import = 0
Number of asset objects unloaded after import = 1
========================================================================
Received Import Request.
  Time since last request: 0.000146 seconds.
  path: Assets/M2Mqtt/Messages/MqttMsgUnsubscribedEventArgs.cs
  artifactKey: Guid(9b9cb9a812d3e854696cad7d490501bf) Importer(2089858483,0ecaa5967403d082aa24f35e1b516d23)
Start importing Assets/M2Mqtt/Messages/MqttMsgUnsubscribedEventArgs.cs using Guid(9b9cb9a812d3e854696cad7d490501bf) Importer(2089858483,0ecaa5967403d082aa24f35e1b516d23) Generated GUIDs only implemented for interfaces!
 -> (artifact id: 'a11bc1a38334dca3524bba970621f120') in 0.006787 seconds
Number of updated asset objects reloaded before import = 0
Number of asset objects unloaded after import = 1
========================================================================
Received Import Request.
  Time since last request: 0.000076 seconds.
  path: Assets/M2MqttUnity/Examples/Scenes/M2MqttUnity_Test.unity
  artifactKey: Guid(fad30ee856646504c9bfaacfe2247591) Importer(2089858483,0ecaa5967403d082aa24f35e1b516d23)
Start importing Assets/M2MqttUnity/Examples/Scenes/M2MqttUnity_Test.unity using Guid(fad30ee856646504c9bfaacfe2247591) Importer(2089858483,0ecaa5967403d082aa24f35e1b516d23) Generated GUIDs only implemented for interfaces!
 -> (artifact id: '453e79c96ee3f66080b3970fb6c38666') in 0.003897 seconds
Number of updated asset objects reloaded before import = 0
Number of asset objects unloaded after import = 1
========================================================================
Received Import Request.
  Time since last request: 0.000073 seconds.
  path: Assets/M2Mqtt/WinRT/Queue.cs
  artifactKey: Guid(117b03039d11ff84d9be5979cc7ac4d5) Importer(2089858483,0ecaa5967403d082aa24f35e1b516d23)
Start importing Assets/M2Mqtt/WinRT/Queue.cs using Guid(117b03039d11ff84d9be5979cc7ac4d5) Importer(2089858483,0ecaa5967403d082aa24f35e1b516d23) Generated GUIDs only implemented for interfaces!
 -> (artifact id: '3affc82b383c5de5768f85ea00cf601f') in 0.004997 seconds
Number of updated asset objects reloaded before import = 0
Number of asset objects unloaded after import = 1
========================================================================
Received Import Request.
  Time since last request: 0.000026 seconds.
  path: Assets/M2Mqtt/Messages/MqttMsgSuback.cs
  artifactKey: Guid(d65c65e70243bdb498dd4d35e1781d33) Importer(2089858483,0ecaa5967403d082aa24f35e1b516d23)
Start importing Assets/M2Mqtt/Messages/MqttMsgSuback.cs using Guid(d65c65e70243bdb498dd4d35e1781d33) Importer(2089858483,0ecaa5967403d082aa24f35e1b516d23) Generated GUIDs only implemented for interfaces!
 -> (artifact id: 'b778d6f1856e5f56404a3ec209280d00') in 0.005846 seconds
Number of updated asset objects reloaded before import = 0
Number of asset objects unloaded after import = 1
========================================================================
Received Import Request.
  Time since last request: 0.000066 seconds.
  path: Assets/M2Mqtt/Messages/MqttMsgContext.cs
  artifactKey: Guid(be87d94d20cc8bf41a67ff659e1f93ab) Importer(2089858483,0ecaa5967403d082aa24f35e1b516d23)
Start importing Assets/M2Mqtt/Messages/MqttMsgContext.cs using Guid(be87d94d20cc8bf41a67ff659e1f93ab) Importer(2089858483,0ecaa5967403d082aa24f35e1b516d23) Generated GUIDs only implemented for interfaces!
 -> (artifact id: '9641079e11ea181b3915730f4a04297f') in 0.004681 seconds
Number of updated asset objects reloaded before import = 0
Number of asset objects unloaded after import = 1
========================================================================
Received Import Request.
  Time since last request: 0.000212 seconds.
  path: Assets/M2Mqtt/Session/MqttClientSession.cs
  artifactKey: Guid(dc3b6e246ddf456408fd710cf0bce367) Importer(2089858483,0ecaa5967403d082aa24f35e1b516d23)
Start importing Assets/M2Mqtt/Session/MqttClientSession.cs using Guid(dc3b6e246ddf456408fd710cf0bce367) Importer(2089858483,0ecaa5967403d082aa24f35e1b516d23) Generated GUIDs only implemented for interfaces!
 -> (artifact id: 'e8718fb997034dc622833fd3c9575002') in 0.005105 seconds
Number of updated asset objects reloaded before import = 0
Number of asset objects unloaded after import = 1
========================================================================
Received Import Request.
  Time since last request: 0.000016 seconds.
  path: Assets/M2Mqtt/Net/MqttNetworkChannel.cs
  artifactKey: Guid(f0aa6b363c3c39d498f5081a76ce4f5c) Importer(2089858483,0ecaa5967403d082aa24f35e1b516d23)
Start importing Assets/M2Mqtt/Net/MqttNetworkChannel.cs using Guid(f0aa6b363c3c39d498f5081a76ce4f5c) Importer(2089858483,0ecaa5967403d082aa24f35e1b516d23) Generated GUIDs only implemented for interfaces!
 -> (artifact id: 'acb5552b33a63ce46d74859756c1806e') in 0.005618 seconds
Number of updated asset objects reloaded before import = 0
Number of asset objects unloaded after import = 1
========================================================================
Received Import Request.
  Time since last request: 0.000033 seconds.
  path: Assets/M2Mqtt/Messages/MqttMsgPubrel.cs
  artifactKey: Guid(caa49c87a824eb74a9e467e7f4b0f43a) Importer(2089858483,0ecaa5967403d082aa24f35e1b516d23)
Start importing Assets/M2Mqtt/Messages/MqttMsgPubrel.cs using Guid(caa49c87a824eb74a9e467e7f4b0f43a) Importer(2089858483,0ecaa5967403d082aa24f35e1b516d23) Generated GUIDs only implemented for interfaces!
 -> (artifact id: 'af502003c6e47f29d0b70bd972f555ce') in 0.004969 seconds
Number of updated asset objects reloaded before import = 0
Number of asset objects unloaded after import = 1
========================================================================
Received Import Request.
  Time since last request: 0.000107 seconds.
  path: Assets/M2Mqtt/Messages/MqttMsgConnectEventArgs.cs
  artifactKey: Guid(94ef26e7c1890814fb2dfa8660ab2330) Importer(2089858483,0ecaa5967403d082aa24f35e1b516d23)
Start importing Assets/M2Mqtt/Messages/MqttMsgConnectEventArgs.cs using Guid(94ef26e7c1890814fb2dfa8660ab2330) Importer(2089858483,0ecaa5967403d082aa24f35e1b516d23) Generated GUIDs only implemented for interfaces!
 -> (artifact id: '7b8d58cfcbc718b36c01ff72c9340092') in 0.004295 seconds
Number of updated asset objects reloaded before import = 0
Number of asset objects unloaded after import = 1
========================================================================
Received Import Request.
  Time since last request: 0.000013 seconds.
  path: Assets/M2Mqtt/Messages/MqttMsgPublishedEventArgs.cs
  artifactKey: Guid(94af55e978716c643a3e3f504a7de642) Importer(2089858483,0ecaa5967403d082aa24f35e1b516d23)
Start importing Assets/M2Mqtt/Messages/MqttMsgPublishedEventArgs.cs using Guid(94af55e978716c643a3e3f504a7de642) Importer(2089858483,0ecaa5967403d082aa24f35e1b516d23) Generated GUIDs only implemented for interfaces!
 -> (artifact id: 'b079fa6485709f636dd113f89cc634cb') in 0.006220 seconds
Number of updated asset objects reloaded before import = 0
Number of asset objects unloaded after import = 1
========================================================================
Received Import Request.
  Time since last request: 0.000030 seconds.
  path: Assets/M2Mqtt/Net/Fx.cs
  artifactKey: Guid(c8f3fc556ec8a304f8f66d0ba400cc27) Importer(2089858483,0ecaa5967403d082aa24f35e1b516d23)
Start importing Assets/M2Mqtt/Net/Fx.cs using Guid(c8f3fc556ec8a304f8f66d0ba400cc27) Importer(2089858483,0ecaa5967403d082aa24f35e1b516d23) Generated GUIDs only implemented for interfaces!
 -> (artifact id: '610cb8a545955dc90dfb3c3bc16f864c') in 0.004274 seconds
Number of updated asset objects reloaded before import = 0
Number of asset objects unloaded after import = 1
========================================================================
Received Import Request.
  Time since last request: 0.000052 seconds.
  path: Assets/M2Mqtt/MqttSettings.cs
  artifactKey: Guid(dc704c0ea922f91428ca13939d73bac6) Importer(2089858483,0ecaa5967403d082aa24f35e1b516d23)
Start importing Assets/M2Mqtt/MqttSettings.cs using Guid(dc704c0ea922f91428ca13939d73bac6) Importer(2089858483,0ecaa5967403d082aa24f35e1b516d23) Generated GUIDs only implemented for interfaces!
 -> (artifact id: '47aa9028289673652786e3ab4b43b3bb') in 0.025021 seconds
Number of updated asset objects reloaded before import = 0
Number of asset objects unloaded after import = 1
========================================================================
Received Import Request.
  Time since last request: 122.110914 seconds.
  path: Assets/M2MqttUnity/Examples/Scripts/M2MqttUnityTest.cs
  artifactKey: Guid(bbaa80705124f9e439d56ca6d5e6db69) Importer(815301076,1909f56bfc062723c751e8b465ee728b)
Start importing Assets/M2MqttUnity/Examples/Scripts/M2MqttUnityTest.cs using Guid(bbaa80705124f9e439d56ca6d5e6db69) Importer(815301076,1909f56bfc062723c751e8b465ee728b)  -> (artifact id: '45cc4a2013b8ebdde36372f29b21d0df') in 0.000643 seconds
Number of updated asset objects reloaded before import = 0
Number of asset objects unloaded after import = 0
========================================================================
Received Import Request.
  Time since last request: 0.974375 seconds.
  path: Assets/M2MqttUnity/Examples/Scripts/M2MqttUnityTest.cs
  artifactKey: Guid(bbaa80705124f9e439d56ca6d5e6db69) Importer(2089858483,0ecaa5967403d082aa24f35e1b516d23)
Start importing Assets/M2MqttUnity/Examples/Scripts/M2MqttUnityTest.cs using Guid(bbaa80705124f9e439d56ca6d5e6db69) Importer(2089858483,0ecaa5967403d082aa24f35e1b516d23) Generated GUIDs only implemented for interfaces!
 -> (artifact id: 'daf843d5b3ca3c68f17fb2ff8c435d59') in 0.004889 seconds
Number of updated asset objects reloaded before import = 0
Number of asset objects unloaded after import = 1
========================================================================
Received Import Request.
  Time since last request: 56.984001 seconds.
  path: Assets/M2MqttUnity/Examples/Scripts/M2MqttUnityTest.cs
  artifactKey: Guid(bbaa80705124f9e439d56ca6d5e6db69) Importer(2089858483,0ecaa5967403d082aa24f35e1b516d23)
Start importing Assets/M2MqttUnity/Examples/Scripts/M2MqttUnityTest.cs using Guid(bbaa80705124f9e439d56ca6d5e6db69) Importer(2089858483,0ecaa5967403d082aa24f35e1b516d23) Generated GUIDs only implemented for interfaces!
 -> (artifact id: '5e0113032678fee660aaadd869363081') in 0.025906 seconds
Number of updated asset objects reloaded before import = 0
Number of asset objects unloaded after import = 1
========================================================================
Received Import Request.
  Time since last request: 142.277960 seconds.
  path: Assets
  artifactKey: Guid(00000000000000001000000000000000) Importer(815301076,1909f56bfc062723c751e8b465ee728b)
Start importing Assets using Guid(00000000000000001000000000000000) Importer(815301076,1909f56bfc062723c751e8b465ee728b)  -> (artifact id: '8a4fe85251aa2e89732c359432baa2c3') in 0.000486 seconds
Number of updated asset objects reloaded before import = 0
Number of asset objects unloaded after import = 0
========================================================================
Received Import Request.
  Time since last request: 2.889805 seconds.
  path: Assets/NewBehaviourScript.cs
  artifactKey: Guid(0330649c3c5308f41bb520a698ebffd3) Importer(815301076,1909f56bfc062723c751e8b465ee728b)
Start importing Assets/NewBehaviourScript.cs using Guid(0330649c3c5308f41bb520a698ebffd3) Importer(815301076,1909f56bfc062723c751e8b465ee728b)  -> (artifact id: 'a87e95f15ab3c6bc33f9788927b7219b') in 0.000611 seconds
Number of updated asset objects reloaded before import = 0
Number of asset objects unloaded after import = 0
========================================================================
Received Import Request.
  Time since last request: 0.980668 seconds.
  path: Assets/NewBehaviourScript.cs
  artifactKey: Guid(0330649c3c5308f41bb520a698ebffd3) Importer(2089858483,0ecaa5967403d082aa24f35e1b516d23)
Start importing Assets/NewBehaviourScript.cs using Guid(0330649c3c5308f41bb520a698ebffd3) Importer(2089858483,0ecaa5967403d082aa24f35e1b516d23) Generated GUIDs only implemented for interfaces!
 -> (artifact id: 'd9b0158568cdb6ec2e53fd3dd25cbc0c') in 0.004308 seconds
Number of updated asset objects reloaded before import = 0
Number of asset objects unloaded after import = 1
