Using pre-set license
Built from '2022.3/staging' branch; Version is '2022.3.10f1 (ff3792e53c62) revision 16725906'; Using compiler version '192829333'; Build Type 'Release'
OS: 'Windows 11  (10.0.22621) 64bit Core' Language: 'ko' Physical Memory: 32542 MB
BatchMode: 1, IsHumanControllingUs: 0, StartBugReporterOnCrash: 0, Is64bit: 1, IsPro: 1

COMMAND LINE ARGUMENTS:
C:\Program Files\Unity\Hub\Editor\2022.3.10f1\Editor\Unity.exe
-adb2
-batchMode
-noUpm
-name
AssetImportWorker1
-projectPath
C:/Users/82105/Documents/GitHub/Decentralized-MQTT/M2MqttUnity-master
-logFile
Logs/AssetImportWorker1.log
-srvPort
59665
Successfully changed project path to: C:/Users/82105/Documents/GitHub/Decentralized-MQTT/M2MqttUnity-master
C:/Users/82105/Documents/GitHub/Decentralized-MQTT/M2MqttUnity-master
[UnityMemory] Configuration Parameters - Can be set up in boot.config
    "memorysetup-bucket-allocator-granularity=16"
    "memorysetup-bucket-allocator-bucket-count=8"
    "memorysetup-bucket-allocator-block-size=33554432"
    "memorysetup-bucket-allocator-block-count=8"
    "memorysetup-main-allocator-block-size=16777216"
    "memorysetup-thread-allocator-block-size=16777216"
    "memorysetup-gfx-main-allocator-block-size=16777216"
    "memorysetup-gfx-thread-allocator-block-size=16777216"
    "memorysetup-cache-allocator-block-size=4194304"
    "memorysetup-typetree-allocator-block-size=2097152"
    "memorysetup-profiler-bucket-allocator-granularity=16"
    "memorysetup-profiler-bucket-allocator-bucket-count=8"
    "memorysetup-profiler-bucket-allocator-block-size=33554432"
    "memorysetup-profiler-bucket-allocator-block-count=8"
    "memorysetup-profiler-allocator-block-size=16777216"
    "memorysetup-profiler-editor-allocator-block-size=1048576"
    "memorysetup-temp-allocator-size-main=16777216"
    "memorysetup-job-temp-allocator-block-size=2097152"
    "memorysetup-job-temp-allocator-block-size-background=1048576"
    "memorysetup-job-temp-allocator-reduction-small-platforms=262144"
    "memorysetup-allocator-temp-initial-block-size-main=262144"
    "memorysetup-allocator-temp-initial-block-size-worker=262144"
    "memorysetup-temp-allocator-size-background-worker=32768"
    "memorysetup-temp-allocator-size-job-worker=262144"
    "memorysetup-temp-allocator-size-preload-manager=33554432"
    "memorysetup-temp-allocator-size-nav-mesh-worker=65536"
    "memorysetup-temp-allocator-size-audio-worker=65536"
    "memorysetup-temp-allocator-size-cloud-worker=32768"
    "memorysetup-temp-allocator-size-gi-baking-worker=262144"
    "memorysetup-temp-allocator-size-gfx=262144"
Player connection [16528] Host "[IP] 192.168.0.19 [Port] 0 [Flags] 2 [Guid] 1754812233 [EditorId] 1754812233 [Version] 1048832 [Id] WindowsEditor(7,DESKTOP-G1FP5EB) [Debug] 1 [PackageName] WindowsEditor [ProjectName] Editor" joined multi-casting on [225.0.0.222:54997]...

Player connection [16528] Host "[IP] 192.168.0.19 [Port] 0 [Flags] 2 [Guid] 1754812233 [EditorId] 1754812233 [Version] 1048832 [Id] WindowsEditor(7,DESKTOP-G1FP5EB) [Debug] 1 [PackageName] WindowsEditor [ProjectName] Editor" joined alternative multi-casting on [225.0.0.222:34997]...

[Physics::Module] Initialized MultithreadedJobDispatcher with 7 workers.
Refreshing native plugins compatible for Editor in 0.00 ms, found 0 plugins.
Preloading 0 native plugins for Editor in 0.00 ms.
Initialize engine version: 2022.3.10f1 (ff3792e53c62)
[Subsystems] Discovering subsystems at path C:/Program Files/Unity/Hub/Editor/2022.3.10f1/Editor/Data/Resources/UnitySubsystems
[Subsystems] Discovering subsystems at path C:/Users/82105/Documents/GitHub/Decentralized-MQTT/M2MqttUnity-master/Assets
GfxDevice: creating device client; threaded=0; jobified=0
Direct3D:
    Version:  Direct3D 11.0 [level 11.1]
    Renderer: NVIDIA GeForce RTX 2070 (ID=0x1f02)
    Vendor:   NVIDIA
    VRAM:     8019 MB
    Driver:   31.0.15.3179
Initialize mono
Mono path[0] = 'C:/Program Files/Unity/Hub/Editor/2022.3.10f1/Editor/Data/Managed'
Mono path[1] = 'C:/Program Files/Unity/Hub/Editor/2022.3.10f1/Editor/Data/MonoBleedingEdge/lib/mono/unityjit-win32'
Mono config path = 'C:/Program Files/Unity/Hub/Editor/2022.3.10f1/Editor/Data/MonoBleedingEdge/etc'
Using monoOptions --debugger-agent=transport=dt_socket,embedding=1,server=y,suspend=n,address=127.0.0.1:56524
Begin MonoManager ReloadAssembly
Registering precompiled unity dll's ...
Register platform support module: C:/Program Files/Unity/Hub/Editor/2022.3.10f1/Editor/Data/PlaybackEngines/WindowsStandaloneSupport/UnityEditor.WindowsStandalone.Extensions.dll
Registered in 0.018052 seconds.
- Loaded All Assemblies, in  0.499 seconds
Native extension for WindowsStandalone target not found
Mono: successfully reloaded assembly
- Finished resetting the current domain, in  0.328 seconds
Domain Reload Profiling: 824ms
	BeginReloadAssembly (172ms)
		ExecutionOrderSort (0ms)
		DisableScriptedObjects (0ms)
		BackupInstance (0ms)
		ReleaseScriptingObjects (0ms)
		CreateAndSetChildDomain (1ms)
	RebuildCommonClasses (46ms)
	RebuildNativeTypeToScriptingClass (12ms)
	initialDomainReloadingComplete (89ms)
	LoadAllAssembliesAndSetupDomain (176ms)
		LoadAssemblies (168ms)
		RebuildTransferFunctionScriptingTraits (0ms)
		AnalyzeDomain (173ms)
			TypeCache.Refresh (170ms)
				TypeCache.ScanAssembly (149ms)
			ScanForSourceGeneratedMonoScriptInfo (1ms)
			ResolveRequiredComponents (1ms)
	FinalizeReload (329ms)
		ReleaseScriptCaches (0ms)
		RebuildScriptCaches (0ms)
		SetupLoadedEditorAssemblies (243ms)
			LogAssemblyErrors (0ms)
			InitializePlatformSupportModulesInManaged (17ms)
			SetLoadedEditorAssemblies (9ms)
			RefreshPlugins (0ms)
			BeforeProcessingInitializeOnLoad (2ms)
			ProcessInitializeOnLoadAttributes (152ms)
			ProcessInitializeOnLoadMethodAttributes (62ms)
			AfterProcessingInitializeOnLoad (0ms)
			EditorAssembliesLoaded (0ms)
		ExecutionOrderSort2 (0ms)
		AwakeInstancesAfterBackupRestoration (0ms)
========================================================================
Worker process is ready to serve import requests
Begin MonoManager ReloadAssembly
- Loaded All Assemblies, in  0.360 seconds
Refreshing native plugins compatible for Editor in 0.00 ms, found 0 plugins.
Native extension for WindowsStandalone target not found
Mono: successfully reloaded assembly
- Finished resetting the current domain, in  0.410 seconds
Domain Reload Profiling: 767ms
	BeginReloadAssembly (249ms)
		ExecutionOrderSort (0ms)
		DisableScriptedObjects (6ms)
		BackupInstance (0ms)
		ReleaseScriptingObjects (0ms)
		CreateAndSetChildDomain (33ms)
	RebuildCommonClasses (45ms)
	RebuildNativeTypeToScriptingClass (12ms)
	initialDomainReloadingComplete (39ms)
	LoadAllAssembliesAndSetupDomain (10ms)
		LoadAssemblies (153ms)
		RebuildTransferFunctionScriptingTraits (0ms)
		AnalyzeDomain (7ms)
			TypeCache.Refresh (5ms)
				TypeCache.ScanAssembly (0ms)
			ScanForSourceGeneratedMonoScriptInfo (0ms)
			ResolveRequiredComponents (1ms)
	FinalizeReload (411ms)
		ReleaseScriptCaches (0ms)
		RebuildScriptCaches (0ms)
		SetupLoadedEditorAssemblies (248ms)
			LogAssemblyErrors (0ms)
			InitializePlatformSupportModulesInManaged (12ms)
			SetLoadedEditorAssemblies (6ms)
			RefreshPlugins (0ms)
			BeforeProcessingInitializeOnLoad (45ms)
			ProcessInitializeOnLoadAttributes (144ms)
			ProcessInitializeOnLoadMethodAttributes (23ms)
			AfterProcessingInitializeOnLoad (17ms)
			EditorAssembliesLoaded (0ms)
		ExecutionOrderSort2 (0ms)
		AwakeInstancesAfterBackupRestoration (10ms)
Launched and connected shader compiler UnityShaderCompiler.exe after 0.07 seconds
Refreshing native plugins compatible for Editor in 0.00 ms, found 0 plugins.
Preloading 0 native plugins for Editor in 0.00 ms.
Unloading 55 Unused Serialized files (Serialized files now loaded: 0)
Unloading 3 unused Assets / (48.9 KB). Loaded Objects now: 526.
Memory consumption went from 45.8 MB to 45.7 MB.
Total: 3.795900 ms (FindLiveObjects: 0.053800 ms CreateObjectMapping: 0.007500 ms MarkObjects: 3.628300 ms  DeleteObjects: 0.103700 ms)

AssetImportParameters requested are different than current active one (requested -> active):
  custom:video-decoder-ogg-theora: a1e56fd34408186e4bbccfd4996cb3dc -> 
  custom:container-muxer-webm: aa71ff27fc2769a1b78a27578f13a17b -> 
  custom:container-demuxer-webm: 4f35f7cbe854078d1ac9338744f61a02 -> 
  custom:video-encoder-webm-vp8: eb34c28f22e8b96e1ab97ce403110664 -> 
  custom:audio-encoder-webm-vorbis: bf7c407c2cedff20999df2af8eb42d56 -> 
  custom:framework-win-MediaFoundation: 216162199b28c13a410421893ffa2e32 -> 
  custom:container-demuxer-ogg: 62fdf1f143b41e24485cea50d1cbac27 -> 
  custom:video-decoder-webm-vp8: 9c59270c3fd7afecdb556c50c9e8de78 -> 
  custom:audio-decoder-ogg-vorbis: bf7c407c2cedff20999df2af8eb42d56 -> 
  custom:AudioImporter_EditorPlatform: d09bf68614088b80899f8185d706f6e7 -> 
========================================================================
Received Prepare
Refreshing native plugins compatible for Editor in 0.00 ms, found 0 plugins.
Preloading 0 native plugins for Editor in 0.00 ms.
Unloading 1 Unused Serialized files (Serialized files now loaded: 0)
Unloading 1 unused Assets / (3.0 KB). Loaded Objects now: 526.
Memory consumption went from 44.5 MB to 44.5 MB.
Total: 1.948300 ms (FindLiveObjects: 0.035200 ms CreateObjectMapping: 0.003200 ms MarkObjects: 1.898300 ms  DeleteObjects: 0.010600 ms)

Prepare: number of updated asset objects reloaded= 0
AssetImportParameters requested are different than current active one (requested -> active):
  custom:video-decoder-ogg-theora: a1e56fd34408186e4bbccfd4996cb3dc -> 
  custom:container-muxer-webm: aa71ff27fc2769a1b78a27578f13a17b -> 
  custom:container-demuxer-webm: 4f35f7cbe854078d1ac9338744f61a02 -> 
  custom:video-encoder-webm-vp8: eb34c28f22e8b96e1ab97ce403110664 -> 
  custom:CustomObjectIndexerAttribute: 756ad292c208cfabdd7b50bc23989ffe -> 
  custom:audio-encoder-webm-vorbis: bf7c407c2cedff20999df2af8eb42d56 -> 
  custom:framework-win-MediaFoundation: 216162199b28c13a410421893ffa2e32 -> 
  custom:SearchIndexIgnoredProperties: e643bd26f0fe6173181afceb89e7c659 -> 
  custom:container-demuxer-ogg: 62fdf1f143b41e24485cea50d1cbac27 -> 
  custom:video-decoder-webm-vp8: 9c59270c3fd7afecdb556c50c9e8de78 -> 
  custom:audio-decoder-ogg-vorbis: bf7c407c2cedff20999df2af8eb42d56 -> 
  custom:AudioImporter_EditorPlatform: d09bf68614088b80899f8185d706f6e7 -> 
========================================================================
Received Import Request.
  Time since last request: 1306089.447903 seconds.
  path: Assets/M2Mqtt/edl-v10.txt
  artifactKey: Guid(aa404300f2ffc5c428e48b5c25f0a354) Importer(2089858483,0ecaa5967403d082aa24f35e1b516d23)
Start importing Assets/M2Mqtt/edl-v10.txt using Guid(aa404300f2ffc5c428e48b5c25f0a354) Importer(2089858483,0ecaa5967403d082aa24f35e1b516d23) Generated GUIDs only implemented for interfaces!
 -> (artifact id: '2dd1def813a1578bcb9f4e3dc763ea63') in 0.099420 seconds
Number of updated asset objects reloaded before import = 0
Number of asset objects unloaded after import = 1
========================================================================
Received Import Request.
  Time since last request: 0.000026 seconds.
  path: Assets/M2Mqtt/WinRT/Hashtable.cs
  artifactKey: Guid(4b958c5359f9c0e4e92445c2bf59c7f7) Importer(2089858483,0ecaa5967403d082aa24f35e1b516d23)
Start importing Assets/M2Mqtt/WinRT/Hashtable.cs using Guid(4b958c5359f9c0e4e92445c2bf59c7f7) Importer(2089858483,0ecaa5967403d082aa24f35e1b516d23) Generated GUIDs only implemented for interfaces!
 -> (artifact id: '1e730e26ff12bb9e02d07c48365d39d3') in 0.026397 seconds
Number of updated asset objects reloaded before import = 0
Number of asset objects unloaded after import = 1
========================================================================
Received Import Request.
  Time since last request: 0.000101 seconds.
  path: Assets/M2Mqtt/IMqttNetworkChannel.cs
  artifactKey: Guid(b87804afdda11b6449db52071ed47cb3) Importer(2089858483,0ecaa5967403d082aa24f35e1b516d23)
Start importing Assets/M2Mqtt/IMqttNetworkChannel.cs using Guid(b87804afdda11b6449db52071ed47cb3) Importer(2089858483,0ecaa5967403d082aa24f35e1b516d23) Generated GUIDs only implemented for interfaces!
 -> (artifact id: '46b99fc4dd3f011747d53378877fb88f') in 0.005977 seconds
Number of updated asset objects reloaded before import = 0
Number of asset objects unloaded after import = 1
========================================================================
Received Import Request.
  Time since last request: 0.000031 seconds.
  path: Assets/M2Mqtt/Messages/MqttMsgSubscribe.cs
  artifactKey: Guid(05fbe0ee63fed49438d0084469af8cca) Importer(2089858483,0ecaa5967403d082aa24f35e1b516d23)
Start importing Assets/M2Mqtt/Messages/MqttMsgSubscribe.cs using Guid(05fbe0ee63fed49438d0084469af8cca) Importer(2089858483,0ecaa5967403d082aa24f35e1b516d23) Generated GUIDs only implemented for interfaces!
 -> (artifact id: '9c4015d14b402f3b61a2feff7d5e3474') in 0.005797 seconds
Number of updated asset objects reloaded before import = 0
Number of asset objects unloaded after import = 1
========================================================================
Received Import Request.
  Time since last request: 0.000092 seconds.
  path: Assets/M2Mqtt/Messages/MqttMsgDisconnect.cs
  artifactKey: Guid(2999661a610fbe948bec59f459a1884d) Importer(2089858483,0ecaa5967403d082aa24f35e1b516d23)
Start importing Assets/M2Mqtt/Messages/MqttMsgDisconnect.cs using Guid(2999661a610fbe948bec59f459a1884d) Importer(2089858483,0ecaa5967403d082aa24f35e1b516d23) Generated GUIDs only implemented for interfaces!
 -> (artifact id: '078ae41fad368205ad1524b2d2302c55') in 0.005150 seconds
Number of updated asset objects reloaded before import = 0
Number of asset objects unloaded after import = 1
========================================================================
Received Import Request.
  Time since last request: 0.000030 seconds.
  path: Assets/M2Mqtt/Messages/MqttMsgPublish.cs
  artifactKey: Guid(ea9803434a62fb040b88b404229953d1) Importer(2089858483,0ecaa5967403d082aa24f35e1b516d23)
Start importing Assets/M2Mqtt/Messages/MqttMsgPublish.cs using Guid(ea9803434a62fb040b88b404229953d1) Importer(2089858483,0ecaa5967403d082aa24f35e1b516d23) Generated GUIDs only implemented for interfaces!
 -> (artifact id: 'e39dd5096da4ef7ce65147b705bb4901') in 0.004400 seconds
Number of updated asset objects reloaded before import = 0
Number of asset objects unloaded after import = 1
========================================================================
Received Import Request.
  Time since last request: 0.000036 seconds.
  path: Assets/M2Mqtt/epl-v10.txt
  artifactKey: Guid(b3ca18ba9d02c764691a38b6ce68324c) Importer(2089858483,0ecaa5967403d082aa24f35e1b516d23)
Start importing Assets/M2Mqtt/epl-v10.txt using Guid(b3ca18ba9d02c764691a38b6ce68324c) Importer(2089858483,0ecaa5967403d082aa24f35e1b516d23) Generated GUIDs only implemented for interfaces!
 -> (artifact id: '34dc08e280cce4b4e9a3fad9241c7bec') in 0.004578 seconds
Number of updated asset objects reloaded before import = 0
Number of asset objects unloaded after import = 1
========================================================================
Received Import Request.
  Time since last request: 0.000054 seconds.
  path: Assets/M2Mqtt/Utility/QueueExtension.cs
  artifactKey: Guid(8a0b522302464f5468d6c8fcb8d1f577) Importer(2089858483,0ecaa5967403d082aa24f35e1b516d23)
Start importing Assets/M2Mqtt/Utility/QueueExtension.cs using Guid(8a0b522302464f5468d6c8fcb8d1f577) Importer(2089858483,0ecaa5967403d082aa24f35e1b516d23) Generated GUIDs only implemented for interfaces!
 -> (artifact id: '7178a58ef4691662a93439dfefd16319') in 0.004317 seconds
Number of updated asset objects reloaded before import = 0
Number of asset objects unloaded after import = 1
========================================================================
Received Import Request.
  Time since last request: 0.000075 seconds.
  path: Assets/M2Mqtt/Internal/InternalEvent.cs
  artifactKey: Guid(f344a6ab661460d44b67e4222f93ec49) Importer(2089858483,0ecaa5967403d082aa24f35e1b516d23)
Start importing Assets/M2Mqtt/Internal/InternalEvent.cs using Guid(f344a6ab661460d44b67e4222f93ec49) Importer(2089858483,0ecaa5967403d082aa24f35e1b516d23) Generated GUIDs only implemented for interfaces!
 -> (artifact id: '6df8b2ef12b668fb8a7bfed415d9f8c9') in 0.005319 seconds
Number of updated asset objects reloaded before import = 0
Number of asset objects unloaded after import = 1
========================================================================
Received Import Request.
  Time since last request: 0.000028 seconds.
  path: Assets/M2MqttUnity/Scripts/M2MqttUnityClient.cs
  artifactKey: Guid(a07e1522ea617e546ad6df6d7f2a0bdc) Importer(2089858483,0ecaa5967403d082aa24f35e1b516d23)
Start importing Assets/M2MqttUnity/Scripts/M2MqttUnityClient.cs using Guid(a07e1522ea617e546ad6df6d7f2a0bdc) Importer(2089858483,0ecaa5967403d082aa24f35e1b516d23) Generated GUIDs only implemented for interfaces!
 -> (artifact id: 'e3ce5635daa1a6b84b3171ecfdd25f19') in 0.005378 seconds
Number of updated asset objects reloaded before import = 0
Number of asset objects unloaded after import = 1
========================================================================
Received Import Request.
  Time since last request: 0.000036 seconds.
  path: Assets/M2Mqtt/Messages/MqttMsgPublishEventArgs.cs
  artifactKey: Guid(165cf56982830e04ea796fdbce2ad3bc) Importer(2089858483,0ecaa5967403d082aa24f35e1b516d23)
Start importing Assets/M2Mqtt/Messages/MqttMsgPublishEventArgs.cs using Guid(165cf56982830e04ea796fdbce2ad3bc) Importer(2089858483,0ecaa5967403d082aa24f35e1b516d23) Generated GUIDs only implemented for interfaces!
 -> (artifact id: 'a4046e2da56a83165a2b4f2cb4bb4c5b') in 0.005090 seconds
Number of updated asset objects reloaded before import = 0
Number of asset objects unloaded after import = 1
========================================================================
Received Import Request.
  Time since last request: 0.000075 seconds.
  path: Assets/M2Mqtt/Messages/MqttMsgUnsubscribe.cs
  artifactKey: Guid(cb05e7880b2b555499135e0aa81b1f74) Importer(2089858483,0ecaa5967403d082aa24f35e1b516d23)
Start importing Assets/M2Mqtt/Messages/MqttMsgUnsubscribe.cs using Guid(cb05e7880b2b555499135e0aa81b1f74) Importer(2089858483,0ecaa5967403d082aa24f35e1b516d23) Generated GUIDs only implemented for interfaces!
 -> (artifact id: '9839c93699829141463070951dcd9ce0') in 0.004246 seconds
Number of updated asset objects reloaded before import = 0
Number of asset objects unloaded after import = 1
========================================================================
Received Import Request.
  Time since last request: 0.000082 seconds.
  path: Assets/M2Mqtt/Messages/MqttMsgBase.cs
  artifactKey: Guid(268b2965393ed764d9b7d59842a012f1) Importer(2089858483,0ecaa5967403d082aa24f35e1b516d23)
Start importing Assets/M2Mqtt/Messages/MqttMsgBase.cs using Guid(268b2965393ed764d9b7d59842a012f1) Importer(2089858483,0ecaa5967403d082aa24f35e1b516d23) Generated GUIDs only implemented for interfaces!
 -> (artifact id: '263919a7fb9c469e018a623c995c85c4') in 0.006271 seconds
Number of updated asset objects reloaded before import = 0
Number of asset objects unloaded after import = 1
========================================================================
Received Import Request.
  Time since last request: 0.000085 seconds.
  path: Assets/M2Mqtt/Exceptions/MqttTimeoutException.cs
  artifactKey: Guid(2272c552034756542a27c46b8ee7fa01) Importer(2089858483,0ecaa5967403d082aa24f35e1b516d23)
Start importing Assets/M2Mqtt/Exceptions/MqttTimeoutException.cs using Guid(2272c552034756542a27c46b8ee7fa01) Importer(2089858483,0ecaa5967403d082aa24f35e1b516d23) Generated GUIDs only implemented for interfaces!
 -> (artifact id: 'c7ac958a77d0db28d30e2d380de96bb8') in 0.004394 seconds
Number of updated asset objects reloaded before import = 0
Number of asset objects unloaded after import = 1
========================================================================
Received Import Request.
  Time since last request: 0.000080 seconds.
  path: Assets/M2Mqtt/M2Mqtt_LICENSE.txt
  artifactKey: Guid(8cc8e28a3c0b19a41bf4a445cec2872c) Importer(2089858483,0ecaa5967403d082aa24f35e1b516d23)
Start importing Assets/M2Mqtt/M2Mqtt_LICENSE.txt using Guid(8cc8e28a3c0b19a41bf4a445cec2872c) Importer(2089858483,0ecaa5967403d082aa24f35e1b516d23) Generated GUIDs only implemented for interfaces!
 -> (artifact id: 'b583977721b133b8d86917a0b12f3c04') in 0.004924 seconds
Number of updated asset objects reloaded before import = 0
Number of asset objects unloaded after import = 1
========================================================================
Received Import Request.
  Time since last request: 0.000016 seconds.
  path: Assets/M2Mqtt/Exceptions/MqttClientException.cs
  artifactKey: Guid(b12d2a7e9108c9949aece217d3313ffb) Importer(2089858483,0ecaa5967403d082aa24f35e1b516d23)
Start importing Assets/M2Mqtt/Exceptions/MqttClientException.cs using Guid(b12d2a7e9108c9949aece217d3313ffb) Importer(2089858483,0ecaa5967403d082aa24f35e1b516d23) Generated GUIDs only implemented for interfaces!
 -> (artifact id: '554b323a123ddff062bfe58a099132e2') in 0.005488 seconds
Number of updated asset objects reloaded before import = 0
Number of asset objects unloaded after import = 1
========================================================================
Received Import Request.
  Time since last request: 0.000103 seconds.
  path: Assets/M2Mqtt/Internal/MsgPublishedInternalEvent.cs
  artifactKey: Guid(494862469c9a73948a75cb4f6dba7ecf) Importer(2089858483,0ecaa5967403d082aa24f35e1b516d23)
Start importing Assets/M2Mqtt/Internal/MsgPublishedInternalEvent.cs using Guid(494862469c9a73948a75cb4f6dba7ecf) Importer(2089858483,0ecaa5967403d082aa24f35e1b516d23) Generated GUIDs only implemented for interfaces!
 -> (artifact id: 'a88f6d9eed0b40bfd7d4a026896af327') in 0.004988 seconds
Number of updated asset objects reloaded before import = 0
Number of asset objects unloaded after import = 1
========================================================================
Received Import Request.
  Time since last request: 0.000072 seconds.
  path: Assets/M2Mqtt/Properties/AssemblyInfo.cs
  artifactKey: Guid(5ebb481c408a32944aa1d428734706ce) Importer(2089858483,0ecaa5967403d082aa24f35e1b516d23)
Start importing Assets/M2Mqtt/Properties/AssemblyInfo.cs using Guid(5ebb481c408a32944aa1d428734706ce) Importer(2089858483,0ecaa5967403d082aa24f35e1b516d23) Generated GUIDs only implemented for interfaces!
 -> (artifact id: 'bd999d82b7671ade95c7a971b486fec3') in 0.006017 seconds
Number of updated asset objects reloaded before import = 0
Number of asset objects unloaded after import = 1
========================================================================
Received Import Request.
  Time since last request: 0.000030 seconds.
  path: Assets/M2Mqtt/Messages/MqttMsgPuback.cs
  artifactKey: Guid(6c5ac6994ae049a4f9e8e157abc5bf8d) Importer(2089858483,0ecaa5967403d082aa24f35e1b516d23)
Start importing Assets/M2Mqtt/Messages/MqttMsgPuback.cs using Guid(6c5ac6994ae049a4f9e8e157abc5bf8d) Importer(2089858483,0ecaa5967403d082aa24f35e1b516d23) Generated GUIDs only implemented for interfaces!
 -> (artifact id: 'f650a93c71bdffd64b150be0e797f29d') in 0.005203 seconds
Number of updated asset objects reloaded before import = 0
Number of asset objects unloaded after import = 1
========================================================================
Received Import Request.
  Time since last request: 0.000053 seconds.
  path: Assets/M2Mqtt/WinRT/MqttNetworkChannel.cs
  artifactKey: Guid(e15342dad13fc97408b523d01713a34c) Importer(2089858483,0ecaa5967403d082aa24f35e1b516d23)
Start importing Assets/M2Mqtt/WinRT/MqttNetworkChannel.cs using Guid(e15342dad13fc97408b523d01713a34c) Importer(2089858483,0ecaa5967403d082aa24f35e1b516d23) Generated GUIDs only implemented for interfaces!
 -> (artifact id: '344a4900ca7fae43afac83b3fa04072d') in 0.005052 seconds
Number of updated asset objects reloaded before import = 0
Number of asset objects unloaded after import = 1
========================================================================
Received Import Request.
  Time since last request: 0.000023 seconds.
  path: Assets/M2Mqtt/Messages/MqttMsgPingReq.cs
  artifactKey: Guid(e55a8b528223b974da01f17bd0e99264) Importer(2089858483,0ecaa5967403d082aa24f35e1b516d23)
Start importing Assets/M2Mqtt/Messages/MqttMsgPingReq.cs using Guid(e55a8b528223b974da01f17bd0e99264) Importer(2089858483,0ecaa5967403d082aa24f35e1b516d23) Generated GUIDs only implemented for interfaces!
 -> (artifact id: '09cd4364ad23f235bab15072d644d8c0') in 0.004526 seconds
Number of updated asset objects reloaded before import = 0
Number of asset objects unloaded after import = 1
========================================================================
Received Import Request.
  Time since last request: 0.000033 seconds.
  path: Assets/M2Mqtt/Session/MqttSession.cs
  artifactKey: Guid(ff90e0dd9183db441983c6c2f8d873f8) Importer(2089858483,0ecaa5967403d082aa24f35e1b516d23)
Start importing Assets/M2Mqtt/Session/MqttSession.cs using Guid(ff90e0dd9183db441983c6c2f8d873f8) Importer(2089858483,0ecaa5967403d082aa24f35e1b516d23) Generated GUIDs only implemented for interfaces!
 -> (artifact id: '36f6c6351fcf9f0b4c06c4a4033a6fb5') in 0.005599 seconds
Number of updated asset objects reloaded before import = 0
Number of asset objects unloaded after import = 1
========================================================================
Received Import Request.
  Time since last request: 0.000021 seconds.
  path: Assets/M2Mqtt/Messages/MqttMsgPubcomp.cs
  artifactKey: Guid(624a1f2bbc88e16438386f1d4fb16abe) Importer(2089858483,0ecaa5967403d082aa24f35e1b516d23)
Start importing Assets/M2Mqtt/Messages/MqttMsgPubcomp.cs using Guid(624a1f2bbc88e16438386f1d4fb16abe) Importer(2089858483,0ecaa5967403d082aa24f35e1b516d23) Generated GUIDs only implemented for interfaces!
 -> (artifact id: 'cabf3a05b2af213300b8c686d2dfde59') in 0.004905 seconds
Number of updated asset objects reloaded before import = 0
Number of asset objects unloaded after import = 1
========================================================================
Received Import Request.
  Time since last request: 0.000070 seconds.
  path: Assets/M2Mqtt/Session/MqttBrokerSession.cs
  artifactKey: Guid(643eba817165da94b8dedb37e01bab64) Importer(2089858483,0ecaa5967403d082aa24f35e1b516d23)
Start importing Assets/M2Mqtt/Session/MqttBrokerSession.cs using Guid(643eba817165da94b8dedb37e01bab64) Importer(2089858483,0ecaa5967403d082aa24f35e1b516d23) Generated GUIDs only implemented for interfaces!
 -> (artifact id: 'fbe325086f2eb52a887edbc78892126c') in 0.004503 seconds
Number of updated asset objects reloaded before import = 0
Number of asset objects unloaded after import = 1
========================================================================
Received Import Request.
  Time since last request: 0.000063 seconds.
  path: Assets/M2Mqtt/Messages/MqttMsgPingResp.cs
  artifactKey: Guid(68bebfc7d7e571647b98b34ec131097b) Importer(2089858483,0ecaa5967403d082aa24f35e1b516d23)
Start importing Assets/M2Mqtt/Messages/MqttMsgPingResp.cs using Guid(68bebfc7d7e571647b98b34ec131097b) Importer(2089858483,0ecaa5967403d082aa24f35e1b516d23) Generated GUIDs only implemented for interfaces!
 -> (artifact id: '860a51e566d75a6b9aefa94634b73165') in 0.005265 seconds
Number of updated asset objects reloaded before import = 0
Number of asset objects unloaded after import = 1
========================================================================
Received Import Request.
  Time since last request: 0.000019 seconds.
  path: Assets/M2MqttUnity/Examples/Scripts/M2MqttUnityTest.cs
  artifactKey: Guid(bbaa80705124f9e439d56ca6d5e6db69) Importer(2089858483,0ecaa5967403d082aa24f35e1b516d23)
Start importing Assets/M2MqttUnity/Examples/Scripts/M2MqttUnityTest.cs using Guid(bbaa80705124f9e439d56ca6d5e6db69) Importer(2089858483,0ecaa5967403d082aa24f35e1b516d23) Generated GUIDs only implemented for interfaces!
 -> (artifact id: 'd20c2f30db26278f775ea9fc4453692c') in 0.004811 seconds
Number of updated asset objects reloaded before import = 0
Number of asset objects unloaded after import = 1
========================================================================
Received Import Request.
  Time since last request: 0.000019 seconds.
  path: Assets/M2MqttUnity/Examples/Scenes/M2MqttUnity_TestXR.unity
  artifactKey: Guid(a5aedeaf212ee024d8084c156b955948) Importer(2089858483,0ecaa5967403d082aa24f35e1b516d23)
Start importing Assets/M2MqttUnity/Examples/Scenes/M2MqttUnity_TestXR.unity using Guid(a5aedeaf212ee024d8084c156b955948) Importer(2089858483,0ecaa5967403d082aa24f35e1b516d23) Generated GUIDs only implemented for interfaces!
 -> (artifact id: 'c3c69ff31908ad65c3f19aa6311e2618') in 0.004403 seconds
Number of updated asset objects reloaded before import = 0
Number of asset objects unloaded after import = 1
